<?xml version="1.0" encoding="UTF-8"?>
<testng-results ignored="0" total="1" passed="1" failed="0" skipped="0">
  <reporter-output>
  </reporter-output>
  <suite started-at="2024-12-31T10:37:38 IST" name="Default suite" finished-at="2024-12-31T10:37:41 IST" duration-ms="3004">
    <groups>
      <group name="cucumber">
        <method signature="AbstractTestNGCucumberTests.runScenario(io.cucumber.testng.PickleWrapper,io.cucumber.testng.FeatureWrapper)[pri:0, instance:Runner.runFailedTC@25641d39]" name="runScenario" class="io.cucumber.testng.AbstractTestNGCucumberTests"/>
      </group> <!-- cucumber -->
    </groups>
    <test started-at="2024-12-31T10:37:38 IST" name="Default test" finished-at="2024-12-31T10:37:41 IST" duration-ms="3004">
      <class name="Runner.runFailedTC">
        <test-method is-config="true" signature="setUpClass(org.testng.ITestContext)[pri:0, instance:Runner.runFailedTC@25641d39]" started-at="2024-12-31T10:37:38 IST" name="setUpClass" finished-at="2024-12-31T10:37:39 IST" duration-ms="686" status="PASS">
          <params>
            <param index="0">
              <value>
                <![CDATA[org.testng.TestRunner@1706a5c9]]>
              </value>
            </param>
          </params>
          <reporter-output>
          </reporter-output>
        </test-method> <!-- setUpClass -->
        <test-method signature="runScenario(io.cucumber.testng.PickleWrapper,io.cucumber.testng.FeatureWrapper)[pri:0, instance:Runner.runFailedTC@25641d39]" started-at="2024-12-31T10:37:39 IST" name="runScenario" description="Runs Cucumber Scenarios" data-provider="scenarios" finished-at="2024-12-31T10:37:39 IST" duration-ms="173" status="PASS">
          <params>
            <param index="0">
              <value>
                <![CDATA["Create campaign"]]>
              </value>
            </param>
            <param index="1">
              <value>
                <![CDATA["Send campaign functionality"]]>
              </value>
            </param>
          </params>
          <reporter-output>
          </reporter-output>
        </test-method> <!-- runScenario -->
        <test-method is-config="true" signature="tearDownClass()[pri:0, instance:Runner.runFailedTC@25641d39]" started-at="2024-12-31T10:37:39 IST" name="tearDownClass" finished-at="2024-12-31T10:37:41 IST" duration-ms="2076" status="PASS">
          <reporter-output>
          </reporter-output>
        </test-method> <!-- tearDownClass -->
      </class> <!-- Runner.runFailedTC -->
    </test> <!-- Default test -->
  </suite> <!-- Default suite -->
</testng-results>
