<?xml version="1.0" encoding="UTF-8"?>
<testng-results ignored="0" total="2" passed="2" failed="0" skipped="0">
  <reporter-output>
  </reporter-output>
  <suite started-at="2025-01-24T12:16:51 IST" name="Default suite" finished-at="2025-01-24T12:17:15 IST" duration-ms="23789">
    <groups>
    </groups>
    <test started-at="2025-01-24T12:16:51 IST" name="Default test" finished-at="2025-01-24T12:17:15 IST" duration-ms="23789">
      <class name="Module1_LoginTest.SwagLabLoginTest">
        <test-method is-config="true" signature="openBrowser()[pri:0, instance:Module1_LoginTest.SwagLabLoginTest@3b0fe47a]" started-at="2025-01-24T12:16:51 IST" name="openBrowser" finished-at="2025-01-24T12:16:57 IST" duration-ms="6005" status="PASS">
          <reporter-output>
          </reporter-output>
        </test-method> <!-- openBrowser -->
        <test-method is-config="true" signature="loginToApp()[pri:0, instance:Module1_LoginTest.SwagLabLoginTest@3b0fe47a]" started-at="2025-01-24T12:16:57 IST" name="loginToApp" finished-at="2025-01-24T12:17:00 IST" duration-ms="2640" status="PASS">
          <reporter-output>
          </reporter-output>
        </test-method> <!-- loginToApp -->
        <test-method signature="verifyLogo()[pri:0, instance:Module1_LoginTest.SwagLabLoginTest@3b0fe47a]" started-at="2025-01-24T12:17:00 IST" name="verifyLogo" finished-at="2025-01-24T12:17:02 IST" duration-ms="2436" status="PASS">
          <reporter-output>
          </reporter-output>
        </test-method> <!-- verifyLogo -->
        <test-method is-config="true" signature="logoutFromApp(org.testng.ITestResult)[pri:0, instance:Module1_LoginTest.SwagLabLoginTest@3b0fe47a]" started-at="2025-01-24T12:17:02 IST" name="logoutFromApp" finished-at="2025-01-24T12:17:07 IST" duration-ms="4505" status="PASS">
          <params>
            <param index="0">
              <value>
                <![CDATA[[TestResult name=verifyLogo status=SUCCESS method=SwagLabLoginTest.verifyLogo()[pri:0, instance:Module1_LoginTest.SwagLabLoginTest@3b0fe47a] output={null}]]]>
              </value>
            </param>
          </params>
          <reporter-output>
          </reporter-output>
        </test-method> <!-- logoutFromApp -->
        <test-method is-config="true" signature="loginToApp()[pri:0, instance:Module1_LoginTest.SwagLabLoginTest@3b0fe47a]" started-at="2025-01-24T12:17:07 IST" name="loginToApp" finished-at="2025-01-24T12:17:10 IST" duration-ms="2754" status="PASS">
          <reporter-output>
          </reporter-output>
        </test-method> <!-- loginToApp -->
        <test-method signature="verifyProductName()[pri:0, instance:Module1_LoginTest.SwagLabLoginTest@3b0fe47a]" started-at="2025-01-24T12:17:10 IST" name="verifyProductName" finished-at="2025-01-24T12:17:10 IST" duration-ms="419" status="PASS">
          <reporter-output>
          </reporter-output>
        </test-method> <!-- verifyProductName -->
        <test-method is-config="true" signature="logoutFromApp(org.testng.ITestResult)[pri:0, instance:Module1_LoginTest.SwagLabLoginTest@3b0fe47a]" started-at="2025-01-24T12:17:10 IST" name="logoutFromApp" finished-at="2025-01-24T12:17:14 IST" duration-ms="4316" status="PASS">
          <params>
            <param index="0">
              <value>
                <![CDATA[[TestResult name=verifyProductName status=SUCCESS method=SwagLabLoginTest.verifyProductName()[pri:0, instance:Module1_LoginTest.SwagLabLoginTest@3b0fe47a] output={null}]]]>
              </value>
            </param>
          </params>
          <reporter-output>
          </reporter-output>
        </test-method> <!-- logoutFromApp -->
        <test-method is-config="true" signature="closeBrowser()[pri:0, instance:Module1_LoginTest.SwagLabLoginTest@3b0fe47a]" started-at="2025-01-24T12:17:14 IST" name="closeBrowser" finished-at="2025-01-24T12:17:15 IST" duration-ms="615" status="PASS">
          <reporter-output>
          </reporter-output>
        </test-method> <!-- closeBrowser -->
      </class> <!-- Module1_LoginTest.SwagLabLoginTest -->
    </test> <!-- Default test -->
  </suite> <!-- Default suite -->
</testng-results>
