<?xml version="1.0" encoding="UTF-8"?>
<testng-results ignored="0" total="1" passed="1" failed="0" skipped="0">
  <reporter-output>
    <line>
      <![CDATA[Login to App]]>
    </line>
    <line>
      <![CDATA[Logo Verified]]>
    </line>
    <line>
      <![CDATA[Logout To App]]>
    </line>
    <line>
      <![CDATA[Browser Close]]>
    </line>
  </reporter-output>
  <suite started-at="2025-01-02T16:09:36 IST" name="Default suite" finished-at="2025-01-02T16:09:36 IST" duration-ms="88">
    <groups>
    </groups>
    <test started-at="2025-01-02T16:09:36 IST" name="Default test" finished-at="2025-01-02T16:09:36 IST" duration-ms="88">
      <class name="TestNG.AnnotationTestNG">
        <test-method is-config="true" signature="openBrowser()[pri:0, instance:TestNG.AnnotationTestNG@14fc5f04]" started-at="2025-01-02T16:09:36 IST" name="openBrowser" finished-at="2025-01-02T16:09:36 IST" duration-ms="14" status="PASS">
          <reporter-output>
          </reporter-output>
        </test-method> <!-- openBrowser -->
        <test-method is-config="true" signature="loginToApp()[pri:0, instance:TestNG.AnnotationTestNG@14fc5f04]" started-at="2025-01-02T16:09:36 IST" name="loginToApp" finished-at="2025-01-02T16:09:36 IST" duration-ms="1" status="PASS">
          <reporter-output>
            <line>
              <![CDATA[Login to App]]>
            </line>
          </reporter-output>
        </test-method> <!-- loginToApp -->
        <test-method signature="verifyLogo()[pri:0, instance:TestNG.AnnotationTestNG@14fc5f04]" started-at="2025-01-02T16:09:36 IST" name="verifyLogo" finished-at="2025-01-02T16:09:36 IST" duration-ms="10" status="PASS">
          <reporter-output>
            <line>
              <![CDATA[Logo Verified]]>
            </line>
          </reporter-output>
        </test-method> <!-- verifyLogo -->
        <test-method is-config="true" signature="logoutToApp()[pri:0, instance:TestNG.AnnotationTestNG@14fc5f04]" started-at="2025-01-02T16:09:36 IST" name="logoutToApp" finished-at="2025-01-02T16:09:36 IST" duration-ms="1" status="PASS">
          <reporter-output>
            <line>
              <![CDATA[Logout To App]]>
            </line>
          </reporter-output>
        </test-method> <!-- logoutToApp -->
        <test-method is-config="true" signature="closeBrowser()[pri:0, instance:TestNG.AnnotationTestNG@14fc5f04]" started-at="2025-01-02T16:09:36 IST" name="closeBrowser" finished-at="2025-01-02T16:09:36 IST" duration-ms="0" status="PASS">
          <reporter-output>
            <line>
              <![CDATA[Browser Close]]>
            </line>
          </reporter-output>
        </test-method> <!-- closeBrowser -->
      </class> <!-- TestNG.AnnotationTestNG -->
    </test> <!-- Default test -->
  </suite> <!-- Default suite -->
</testng-results>
