<?xml version="1.0" encoding="UTF-8"?>
<testng-results ignored="0" total="1" passed="1" failed="0" skipped="0">
  <reporter-output>
  </reporter-output>
  <suite started-at="2024-11-28T11:50:22 IST" name="Default suite" finished-at="2024-11-28T11:50:40 IST" duration-ms="17779">
    <groups>
    </groups>
    <test started-at="2024-11-28T11:50:22 IST" name="Default test" finished-at="2024-11-28T11:50:40 IST" duration-ms="17779">
      <class name="Module1_LoginTest.SwagLabLoginTest">
        <test-method is-config="true" signature="openBrowser()[pri:0, instance:Module1_LoginTest.SwagLabLoginTest@14028087]" started-at="2024-11-28T11:50:22 IST" name="openBrowser" finished-at="2024-11-28T11:50:29 IST" duration-ms="7511" status="PASS">
          <reporter-output>
          </reporter-output>
        </test-method> <!-- openBrowser -->
        <test-method is-config="true" signature="loginToApp()[pri:0, instance:Module1_LoginTest.SwagLabLoginTest@14028087]" started-at="2024-11-28T11:50:29 IST" name="loginToApp" finished-at="2024-11-28T11:50:32 IST" duration-ms="2667" status="PASS">
          <reporter-output>
          </reporter-output>
        </test-method> <!-- loginToApp -->
        <test-method signature="verifyLogo()[pri:0, instance:Module1_LoginTest.SwagLabLoginTest@14028087]" started-at="2024-11-28T11:50:32 IST" name="verifyLogo" finished-at="2024-11-28T11:50:35 IST" duration-ms="2764" status="PASS">
          <reporter-output>
          </reporter-output>
        </test-method> <!-- verifyLogo -->
        <test-method is-config="true" signature="logoutFromApp(org.testng.ITestResult)[pri:0, instance:Module1_LoginTest.SwagLabLoginTest@14028087]" started-at="2024-11-28T11:50:35 IST" name="logoutFromApp" finished-at="2024-11-28T11:50:39 IST" duration-ms="4497" status="PASS">
          <params>
            <param index="0">
              <value>
                <![CDATA[[TestResult name=verifyLogo status=SUCCESS method=SwagLabLoginTest.verifyLogo()[pri:0, instance:Module1_LoginTest.SwagLabLoginTest@14028087] output={null}]]]>
              </value>
            </param>
          </params>
          <reporter-output>
          </reporter-output>
        </test-method> <!-- logoutFromApp -->
        <test-method is-config="true" signature="closeBrowser()[pri:0, instance:Module1_LoginTest.SwagLabLoginTest@14028087]" started-at="2024-11-28T11:50:39 IST" name="closeBrowser" finished-at="2024-11-28T11:50:40 IST" duration-ms="264" status="PASS">
          <reporter-output>
          </reporter-output>
        </test-method> <!-- closeBrowser -->
      </class> <!-- Module1_LoginTest.SwagLabLoginTest -->
    </test> <!-- Default test -->
  </suite> <!-- Default suite -->
</testng-results>
