<?xml version="1.0" encoding="UTF-8"?>
<testng-results ignored="0" total="1" passed="1" failed="0" skipped="0">
  <reporter-output>
  </reporter-output>
  <suite started-at="2024-12-23T23:47:21 IST" name="Suite" finished-at="2024-12-23T23:47:45 IST" duration-ms="24043">
    <groups>
    </groups>
    <test started-at="2024-12-23T23:47:21 IST" name="Test" finished-at="2024-12-23T23:47:45 IST" duration-ms="24043">
      <class name="Module5_OrderTest.SwagLabOrderTest">
        <test-method is-config="true" signature="openBrowser()[pri:0, instance:Module5_OrderTest.SwagLabOrderTest@4a94ee4]" started-at="2024-12-23T23:47:21 IST" name="openBrowser" finished-at="2024-12-23T23:47:25 IST" duration-ms="3397" status="PASS">
          <reporter-output>
          </reporter-output>
        </test-method> <!-- openBrowser -->
        <test-method is-config="true" signature="loginToApp()[pri:0, instance:Module5_OrderTest.SwagLabOrderTest@4a94ee4]" started-at="2024-12-23T23:47:25 IST" name="loginToApp" finished-at="2024-12-23T23:47:27 IST" duration-ms="2682" status="PASS">
          <reporter-output>
          </reporter-output>
        </test-method> <!-- loginToApp -->
        <test-method signature="PurchaseAnyProduct()[pri:0, instance:Module5_OrderTest.SwagLabOrderTest@4a94ee4]" started-at="2024-12-23T23:47:27 IST" name="PurchaseAnyProduct" finished-at="2024-12-23T23:47:40 IST" duration-ms="12811" status="PASS">
          <reporter-output>
          </reporter-output>
        </test-method> <!-- PurchaseAnyProduct -->
        <test-method is-config="true" signature="logoutFromApp(org.testng.ITestResult)[pri:0, instance:Module5_OrderTest.SwagLabOrderTest@4a94ee4]" started-at="2024-12-23T23:47:40 IST" name="logoutFromApp" finished-at="2024-12-23T23:47:45 IST" duration-ms="4609" status="PASS">
          <params>
            <param index="0">
              <value>
                <![CDATA[[TestResult name=PurchaseAnyProduct status=SUCCESS method=SwagLabOrderTest.PurchaseAnyProduct()[pri:0, instance:Module5_OrderTest.SwagLabOrderTest@4a94ee4] output={null}]]]>
              </value>
            </param>
          </params>
          <reporter-output>
          </reporter-output>
        </test-method> <!-- logoutFromApp -->
        <test-method is-config="true" signature="closeBrowser()[pri:0, instance:Module5_OrderTest.SwagLabOrderTest@4a94ee4]" started-at="2024-12-23T23:47:45 IST" name="closeBrowser" finished-at="2024-12-23T23:47:45 IST" duration-ms="480" status="PASS">
          <reporter-output>
          </reporter-output>
        </test-method> <!-- closeBrowser -->
      </class> <!-- Module5_OrderTest.SwagLabOrderTest -->
    </test> <!-- Test -->
  </suite> <!-- Suite -->
</testng-results>
