<?xml version="1.0" encoding="UTF-8"?>
<!-- Generated by org.testng.reporters.JUnitXMLReporter -->
<testsuite ignored="0" hostname="DESKTOP-E7CUST6" failures="1" tests="1" name="Test3" time="0.055" errors="0" timestamp="2025-01-02T19:11:06 IST">
  <testcase classname="testNGpckg.multibrowser" name="multibrowserMethod" time="0.0">
    <failure type="org.testng.TestNGException" message="
Cannot inject @Test annotated Method [multibrowserMethod] with [class java.lang.String].
For more information on native dependency injection please refer to https://testng.org/#_dependency_injection">
      <![CDATA[org.testng.TestNGException: 
Cannot inject @Test annotated Method [multibrowserMethod] with [class java.lang.String].
For more information on native dependency injection please refer to https://testng.org/#_dependency_injection
at java.base/java.util.ArrayList.forEach(ArrayList.java:1511)
... Removed 26 stack frames]]>
    </failure>
  </testcase> <!-- multibrowserMethod -->
</testsuite> <!-- Test3 -->
