<?xml version="1.0" encoding="UTF-8"?>
<!-- Generated by org.testng.reporters.JUnitXMLReporter -->
<testsuite ignored="0" hostname="DESKTOP-E7CUST6" failures="1" tests="1" name="Test_firefox" time="0.01" errors="0" timestamp="2025-01-24T12:01:17 IST">
  <testcase classname="TestPractice.multiBrowserTesting" name="multibrowserMethod" time="0.0">
    <failure type="org.testng.TestNGException" message="
Parameter &amp;apos;browserName&amp;apos; is required by @Test on method multibrowserMethod but has not been marked @Optional or defined
in E:\JAVA VEL\Testing Project\multiBrowsertestng.xml">
      <![CDATA[org.testng.TestNGException: 
Parameter 'browserName' is required by @Test on method multibrowserMethod but has not been marked @Optional or defined
in E:\JAVA VEL\Testing Project\multiBrowsertestng.xml
at java.base/java.util.ArrayList.forEach(ArrayList.java:1511)
... Removed 26 stack frames]]>
    </failure>
  </testcase> <!-- multibrowserMethod -->
</testsuite> <!-- Test_firefox -->
