<?xml version="1.0" encoding="UTF-8"?>
<!-- Generated by org.testng.reporters.JUnitXMLReporter -->
<testsuite ignored="4" hostname="DESKTOP-E7CUST6" failures="1" tests="1" name="Default test(failed)" time="2.108" errors="0" timestamp="2025-01-02T18:33:05 IST">
  <testcase classname="testNGpckg.SampleFailedXML" name="testMethod25" time="2.027">
    <failure type="org.testng.internal.thread.ThreadTimeoutException" message="Method testNGpckg.SampleFailedXML.testMethod25() didn&amp;apos;t finish within the time-out 2000">
      <![CDATA[org.testng.internal.thread.ThreadTimeoutException: Method testNGpckg.SampleFailedXML.testMethod25() didn't finish within the time-out 2000
at java.base@17.0.8.1/java.lang.Thread.sleep(Native Method)
at app//testNGpckg.SampleFailedXML.testMethod25(SampleFailedXML.java:66)
at java.base@17.0.8.1/java.util.concurrent.FutureTask.run(FutureTask.java:264)
at java.base@17.0.8.1/java.util.concurrent.ThreadPoolExecutor.runWorker(ThreadPoolExecutor.java:1136)
at java.base@17.0.8.1/java.util.concurrent.ThreadPoolExecutor$Worker.run(ThreadPoolExecutor.java:635)
at java.base@17.0.8.1/java.lang.Thread.run(Thread.java:833)
... Removed 8 stack frames]]>
    </failure>
  </testcase> <!-- testMethod25 -->
  <testcase classname="testNGpckg.SampleFailedXML" name="testmethod21" time="0.0">
    <ignored/>
  </testcase> <!-- testmethod21 -->
  <testcase classname="testNGpckg.SampleFailedXML" name="testMethod22" time="0.0">
    <ignored/>
  </testcase> <!-- testMethod22 -->
  <testcase classname="testNGpckg.SampleFailedXML" name="testMethod24" time="0.0">
    <ignored/>
  </testcase> <!-- testMethod24 -->
  <testcase classname="testNGpckg.SampleFailedXML" name="testMethod23" time="0.0">
    <ignored/>
  </testcase> <!-- testMethod23 -->
</testsuite> <!-- Default test(failed) -->
